"is_built_lib_bson" "true"
"built_lib_bson" "/Users/simon/programation/source/ocaml/bson/_build/src/bson.cma"
"built_lib_bson" "/Users/simon/programation/source/ocaml/bson/_build/src/bson.cmxa"
"built_lib_bson" "/Users/simon/programation/source/ocaml/bson/_build/src/bson.a"
"built_lib_bson" "/Users/simon/programation/source/ocaml/bson/_build/src/bson.cmxs"
"built_lib_bson" "/Users/simon/programation/source/ocaml/bson/_build/src/bson.cmi"
"built_lib_bson" "/Users/simon/programation/source/ocaml/bson/_build/src/bson.cmx"
"install-findlib" "bson"
"is_built_lib_bson" "true"
"built_lib_bson" "/Users/simon/programation/source/ocaml/bson/_build/src/bson.cma"
"built_lib_bson" "/Users/simon/programation/source/ocaml/bson/_build/src/bson.cmxa"
"built_lib_bson" "/Users/simon/programation/source/ocaml/bson/_build/src/bson.a"
"built_lib_bson" "/Users/simon/programation/source/ocaml/bson/_build/src/bson.cmxs"
"built_lib_bson" "/Users/simon/programation/source/ocaml/bson/_build/src/bson.cmi"
"built_lib_bson" "/Users/simon/programation/source/ocaml/bson/_build/src/bson.cmx"
"is_built_lib_bson" "true"
"built_lib_bson" "/Users/simon/programation/source/ocaml/bson/_build/src/bson.cma"
"built_lib_bson" "/Users/simon/programation/source/ocaml/bson/_build/src/bson.cmxa"
"built_lib_bson" "/Users/simon/programation/source/ocaml/bson/_build/src/bson.a"
"built_lib_bson" "/Users/simon/programation/source/ocaml/bson/_build/src/bson.cmxs"
"built_lib_bson" "/Users/simon/programation/source/ocaml/bson/_build/src/bson.cmi"
"built_lib_bson" "/Users/simon/programation/source/ocaml/bson/_build/src/bson.cmx"
